2022.04.07 17:00:45 INFO  tracing is disabled for protocol LSP, to enable tracing of incoming and outgoing JSON messages create an empty file at /Users/michael/Dropbox/codes/ChiselFile/src/main/scala/.metals/lsp.trace.json or /Users/michael/Library/Caches/org.scalameta.metals/lsp.trace.json
2022.04.07 17:00:45 INFO  logging to file /Users/michael/Dropbox/codes/ChiselFile/src/main/scala/.metals/metals.log
2022.04.07 17:00:45 INFO  Started: Metals version 0.11.2 in workspace '/Users/michael/Dropbox/codes/ChiselFile/src/main/scala' for client Visual Studio Code 1.65.2.
2022.04.07 17:00:45 INFO  Parse release: 17.0.1
2022.04.07 17:00:46 INFO  time: initialize in 1.05s
2022.04.07 17:00:46 WARN  Build server is not auto-connectable.
2022.04.07 17:00:46 WARN  no build tool detected in workspace '/Users/michael/Dropbox/codes/ChiselFile/src/main/scala'. The most common cause for this problem is that the editor was opened in the wrong working directory, for example if you use sbt then the workspace directory should contain build.sbt. 
2022.04.07 17:00:47 WARN  no build target for: /Users/michael/Dropbox/codes/ChiselFile/src/main/scala/BB44.scala
2022.04.07 17:00:49 INFO  no build target found for /Users/michael/Dropbox/codes/ChiselFile/src/main/scala/BB44.scala. Using presentation compiler with project's scala-library version: 3.1.1
2022.04.07 17:00:49 INFO  time: code lens generation in 2.04s
2022.04.07 17:00:49 INFO  time: code lens generation in 2.04s
4月 07, 2022 5:00:58 下午 org.eclipse.lsp4j.jsonrpc.services.GenericEndpoint notify
信息: Unsupported notification method: $/setTrace
4月 07, 2022 5:01:03 下午 org.eclipse.lsp4j.jsonrpc.services.GenericEndpoint notify
信息: Unsupported notification method: $/setTrace
4月 07, 2022 5:01:42 下午 org.eclipse.lsp4j.jsonrpc.services.GenericEndpoint notify
信息: Unsupported notification method: $/setTrace
4月 07, 2022 5:01:42 下午 org.eclipse.lsp4j.jsonrpc.services.GenericEndpoint notify
信息: Unsupported notification method: $/setTrace
2022.04.07 17:01:54 WARN  no build target for: /Users/michael/Dropbox/codes/ChiselFile/src/main/scala/BB.scala
2022.04.07 17:01:59 WARN  no build target for: /Users/michael/Dropbox/codes/ChiselFile/src/main/scala/BB44.scala
2022.04.07 17:02:08 WARN  no build target for: /Users/michael/Dropbox/codes/ChiselFile/src/main/scala/BB88.scala
2022.04.07 17:02:09 WARN  no build target for: /Users/michael/Dropbox/codes/ChiselFile/src/main/scala/CALUnit.scala
2022.04.07 17:03:01 WARN  no build target for: /Users/michael/Dropbox/codes/ChiselFile/src/main/scala/dataB_mem.scala
2022.04.07 17:03:04 WARN  no build target for: /Users/michael/Dropbox/codes/ChiselFile/src/main/scala/PE.scala
2022.04.07 17:03:11 WARN  no build target for: /Users/michael/Dropbox/codes/ChiselFile/src/main/scala/SystolicArray.scala
4月 07, 2022 5:03:11 下午 org.eclipse.lsp4j.jsonrpc.RemoteEndpoint handleCancellation
警告: Unmatched cancel notification for request id 56
2022.04.07 17:03:20 WARN  no build target for: /Users/michael/Dropbox/codes/ChiselFile/src/main/scala/top_used.scala
2022.04.07 17:03:25 WARN  no build target for: /Users/michael/Dropbox/codes/ChiselFile/src/main/scala/top.scala
4月 09, 2022 2:09:06 下午 org.eclipse.lsp4j.jsonrpc.services.GenericEndpoint notify
信息: Unsupported notification method: $/setTrace
4月 09, 2022 2:09:06 下午 org.eclipse.lsp4j.jsonrpc.services.GenericEndpoint notify
信息: Unsupported notification method: $/setTrace
2022.04.11 13:22:19 INFO  shutting down Metals
